Using pre-set license
Built from '2020.3/staging' branch; Version is '2020.3.26f1 (7298b473bc1a) revision 7510196'; Using compiler version '192528614'; Build Type 'Release'
OS: 'Windows 10  (10.0.19044) 64bit Core' Language: 'en' Physical Memory: 15733 MB
BatchMode: 1, IsHumanControllingUs: 0, StartBugReporterOnCrash: 0, Is64bit: 1, IsPro: 0

COMMAND LINE ARGUMENTS:
C:\Program Files\Unity 2020.3.26f1\Editor\Unity.exe
-adb2
-batchMode
-noUpm
-name
AssetImportWorker0
-projectPath
D:/Unity Aplicada/Videos Moronta/D2/Video D2
-logFile
Logs/AssetImportWorker0.log
-srvPort
54957
Successfully changed project path to: D:/Unity Aplicada/Videos Moronta/D2/Video D2
D:/Unity Aplicada/Videos Moronta/D2/Video D2
Using Asset Import Pipeline V2.
Refreshing native plugins compatible for Editor in 43.02 ms, found 3 plugins.
Preloading 0 native plugins for Editor in 0.00 ms.
Initialize engine version: 2020.3.26f1 (7298b473bc1a)
[Subsystems] Discovering subsystems at path C:/Program Files/Unity 2020.3.26f1/Editor/Data/Resources/UnitySubsystems
[Subsystems] Discovering subsystems at path D:/Unity Aplicada/Videos Moronta/D2/Video D2/Assets
GfxDevice: creating device client; threaded=0
Direct3D:
    Version:  Direct3D 11.0 [level 11.1]
    Renderer: NVIDIA GeForce GTX 1650 (ID=0x1f99)
    Vendor:   
    VRAM:     3962 MB
    Driver:   30.0.14.9733
Initialize mono
Mono path[0] = 'C:/Program Files/Unity 2020.3.26f1/Editor/Data/Managed'
Mono path[1] = 'C:/Program Files/Unity 2020.3.26f1/Editor/Data/MonoBleedingEdge/lib/mono/unityjit'
Mono config path = 'C:/Program Files/Unity 2020.3.26f1/Editor/Data/MonoBleedingEdge/etc'
Using monoOptions --debugger-agent=transport=dt_socket,embedding=1,server=y,suspend=n,address=127.0.0.1:56008
Begin MonoManager ReloadAssembly
Registering precompiled unity dll's ...
Register platform support module: C:/Program Files/Unity 2020.3.26f1/Editor/Data/PlaybackEngines/WindowsStandaloneSupport/UnityEditor.WindowsStandalone.Extensions.dll
Registered in 0.001531 seconds.
Native extension for WindowsStandalone target not found
Refreshing native plugins compatible for Editor in 43.66 ms, found 3 plugins.
Preloading 0 native plugins for Editor in 0.00 ms.
Mono: successfully reloaded assembly
- Completed reload, in  0.539 seconds
Domain Reload Profiling:
	ReloadAssembly (539ms)
		BeginReloadAssembly (45ms)
			ExecutionOrderSort (0ms)
			DisableScriptedObjects (0ms)
			BackupInstance (0ms)
			ReleaseScriptingObjects (0ms)
			CreateAndSetChildDomain (1ms)
		EndReloadAssembly (426ms)
			LoadAssemblies (43ms)
			RebuildTransferFunctionScriptingTraits (0ms)
			SetupTypeCache (137ms)
			ReleaseScriptCaches (0ms)
			RebuildScriptCaches (29ms)
			SetupLoadedEditorAssemblies (165ms)
				LogAssemblyErrors (0ms)
				InitializePlatformSupportModulesInManaged (4ms)
				SetLoadedEditorAssemblies (0ms)
				RefreshPlugins (44ms)
				BeforeProcessingInitializeOnLoad (16ms)
				ProcessInitializeOnLoadAttributes (75ms)
				ProcessInitializeOnLoadMethodAttributes (26ms)
				AfterProcessingInitializeOnLoad (0ms)
				EditorAssembliesLoaded (0ms)
			ExecutionOrderSort2 (0ms)
			AwakeInstancesAfterBackupRestoration (0ms)
Platform modules already initialized, skipping
Registering precompiled user dll's ...
Registered in 0.002647 seconds.
Begin MonoManager ReloadAssembly
Native extension for WindowsStandalone target not found
Refreshing native plugins compatible for Editor in 45.13 ms, found 3 plugins.
Preloading 0 native plugins for Editor in 0.00 ms.
Mono: successfully reloaded assembly
- Completed reload, in  1.021 seconds
Domain Reload Profiling:
	ReloadAssembly (1021ms)
		BeginReloadAssembly (130ms)
			ExecutionOrderSort (0ms)
			DisableScriptedObjects (4ms)
			BackupInstance (0ms)
			ReleaseScriptingObjects (0ms)
			CreateAndSetChildDomain (18ms)
		EndReloadAssembly (835ms)
			LoadAssemblies (79ms)
			RebuildTransferFunctionScriptingTraits (0ms)
			SetupTypeCache (276ms)
			ReleaseScriptCaches (0ms)
			RebuildScriptCaches (44ms)
			SetupLoadedEditorAssemblies (323ms)
				LogAssemblyErrors (0ms)
				InitializePlatformSupportModulesInManaged (3ms)
				SetLoadedEditorAssemblies (0ms)
				RefreshPlugins (45ms)
				BeforeProcessingInitializeOnLoad (75ms)
				ProcessInitializeOnLoadAttributes (179ms)
				ProcessInitializeOnLoadMethodAttributes (16ms)
				AfterProcessingInitializeOnLoad (5ms)
				EditorAssembliesLoaded (0ms)
			ExecutionOrderSort2 (0ms)
			AwakeInstancesAfterBackupRestoration (6ms)
Platform modules already initialized, skipping
========================================================================
Worker process is ready to serve import requests
Launched and connected shader compiler UnityShaderCompiler.exe after 0.05 seconds
Refreshing native plugins compatible for Editor in 0.55 ms, found 3 plugins.
Preloading 0 native plugins for Editor in 0.00 ms.
Unloading 2198 Unused Serialized files (Serialized files now loaded: 0)
System memory in use before: 95.9 MB.
System memory in use after: 96.0 MB.

Unloading 28 unused Assets to reduce memory usage. Loaded Objects now: 2631.
Total: 3.557100 ms (FindLiveObjects: 0.317800 ms CreateObjectMapping: 0.160100 ms MarkObjects: 3.006200 ms  DeleteObjects: 0.070600 ms)

AssetImportParameters requested are different than current active one (requested -> active):
  custom:framework-win-MediaFoundation: 216162199b28c13a410421893ffa2e32 -> 
  custom:video-decoder-ogg-theora: a1e56fd34408186e4bbccfd4996cb3dc -> 
  custom:container-muxer-webm: aa71ff27fc2769a1b78a27578f13a17b -> 
  custom:container-demuxer-webm: 4f35f7cbe854078d1ac9338744f61a02 -> 
  custom:container-demuxer-ogg: 62fdf1f143b41e24485cea50d1cbac27 -> 
  custom:video-encoder-webm-vp8: eb34c28f22e8b96e1ab97ce403110664 -> 
  custom:video-decoder-webm-vp8: 9c59270c3fd7afecdb556c50c9e8de78 -> 
  custom:audio-decoder-ogg-vorbis: bf7c407c2cedff20999df2af8eb42d56 -> 
  custom:audio-encoder-webm-vorbis: bf7c407c2cedff20999df2af8eb42d56 -> 
========================================================================
Received Import Request.
  path: Assets/Scripts
  artifactKey: Guid(99cda2c6f5563e04ca3cb647610a2ddc) Importer(815301076,1909f56bfc062723c751e8b465ee728b)
Start importing Assets/Scripts using Guid(99cda2c6f5563e04ca3cb647610a2ddc) Importer(815301076,1909f56bfc062723c751e8b465ee728b)  -> (artifact id: '7c54d8c7ed6def24e79c5cfcbc4051e4') in 0.009823 seconds 
  Import took 0.012921 seconds .

========================================================================
Received Import Request.
  Time since last request: 0.000291 seconds.
  path: Assets/Scripts/LayerController.cs
  artifactKey: Guid(65e38fca83138be4095095b44f62595a) Importer(815301076,1909f56bfc062723c751e8b465ee728b)
Start importing Assets/Scripts/LayerController.cs using Guid(65e38fca83138be4095095b44f62595a) Importer(815301076,1909f56bfc062723c751e8b465ee728b)  -> (artifact id: '3f60d023f22b6b0faddd5ea20dbb977f') in 0.019058 seconds 
  Import took 0.022130 seconds .

========================================================================
Received Import Request.
  Time since last request: 3.042794 seconds.
  path: Assets/Scenes
  artifactKey: Guid(4ec7a7d96a71e1c4d9aba2087299dcf1) Importer(815301076,1909f56bfc062723c751e8b465ee728b)
Start importing Assets/Scenes using Guid(4ec7a7d96a71e1c4d9aba2087299dcf1) Importer(815301076,1909f56bfc062723c751e8b465ee728b)  -> (artifact id: '7830c60382a1f01ee4bf405cf3793265') in 0.006041 seconds 
  Import took 0.009624 seconds .

========================================================================
Received Import Request.
  Time since last request: 1.676477 seconds.
  path: Assets/Night Mointains Lake
  artifactKey: Guid(f4c74bf96c9b63048a48b60601b8f196) Importer(815301076,1909f56bfc062723c751e8b465ee728b)
Start importing Assets/Night Mointains Lake using Guid(f4c74bf96c9b63048a48b60601b8f196) Importer(815301076,1909f56bfc062723c751e8b465ee728b)  -> (artifact id: '6d3233703ff6fdc50bf23965ef849ef1') in 0.006223 seconds 
  Import took 0.009742 seconds .

========================================================================
Received Import Request.
  Time since last request: 0.131818 seconds.
  path: Assets/Night Mointains Lake/Background .png
  artifactKey: Guid(8cdab9af5e3c441cc97197fec5bd07e4) Importer(815301076,1909f56bfc062723c751e8b465ee728b)
Start importing Assets/Night Mointains Lake/Background .png using Guid(8cdab9af5e3c441cc97197fec5bd07e4) Importer(815301076,1909f56bfc062723c751e8b465ee728b)  -> (artifact id: 'e3ba0147c9d2653556a9b3b96cc244b3') in 0.103745 seconds 
  Import took 0.107650 seconds .

========================================================================
Received Import Request.
  Time since last request: 0.000228 seconds.
  path: Assets/Night Mointains Lake/First.png
  artifactKey: Guid(29868d38a075a4102a8d49aca7459199) Importer(815301076,1909f56bfc062723c751e8b465ee728b)
Start importing Assets/Night Mointains Lake/First.png using Guid(29868d38a075a4102a8d49aca7459199) Importer(815301076,1909f56bfc062723c751e8b465ee728b)  -> (artifact id: 'e1439b44cf5ceab1fa161346e05f4a03') in 0.020176 seconds 
  Import took 0.023663 seconds .

========================================================================
Received Import Request.
  Time since last request: 0.000222 seconds.
  path: Assets/Night Mointains Lake/Mountains 4.png
  artifactKey: Guid(ed221d3d967504123a6a31ea9efdec81) Importer(815301076,1909f56bfc062723c751e8b465ee728b)
Start importing Assets/Night Mointains Lake/Mountains 4.png using Guid(ed221d3d967504123a6a31ea9efdec81) Importer(815301076,1909f56bfc062723c751e8b465ee728b)  -> (artifact id: 'e129799fd0d2786a17c453c83d0978a0') in 0.014203 seconds 
  Import took 0.017317 seconds .

========================================================================
Received Import Request.
  Time since last request: 0.000241 seconds.
  path: Assets/Night Mointains Lake/MoonTop.png
  artifactKey: Guid(79c9bcb41bd01e34091b2cb0f672c077) Importer(815301076,1909f56bfc062723c751e8b465ee728b)
Start importing Assets/Night Mointains Lake/MoonTop.png using Guid(79c9bcb41bd01e34091b2cb0f672c077) Importer(815301076,1909f56bfc062723c751e8b465ee728b)  -> (artifact id: '3ce9df595566a62510047773c41f4f4a') in 0.043932 seconds 
  Import took 0.047017 seconds .

========================================================================
Received Import Request.
  Time since last request: 0.000247 seconds.
  path: Assets/Night Mointains Lake/Moon.png
  artifactKey: Guid(6417e6e0f0d394c43af1ecdc60bd10dd) Importer(815301076,1909f56bfc062723c751e8b465ee728b)
Start importing Assets/Night Mointains Lake/Moon.png using Guid(6417e6e0f0d394c43af1ecdc60bd10dd) Importer(815301076,1909f56bfc062723c751e8b465ee728b)  -> (artifact id: 'f6ef19aa9fe462943fa2cc173481ca08') in 0.034945 seconds 
  Import took 0.039763 seconds .

========================================================================
Received Import Request.
  Time since last request: 0.000357 seconds.
  path: Assets/Night Mointains Lake/Mountains 2.png
  artifactKey: Guid(087c678185b9548cd8453f4daa034fe9) Importer(815301076,1909f56bfc062723c751e8b465ee728b)
Start importing Assets/Night Mointains Lake/Mountains 2.png using Guid(087c678185b9548cd8453f4daa034fe9) Importer(815301076,1909f56bfc062723c751e8b465ee728b)  -> (artifact id: '7fc629b906bcd7c82f5b15b0de299621') in 0.015668 seconds 
  Import took 0.019211 seconds .

========================================================================
Received Import Request.
  Time since last request: 0.000209 seconds.
  path: Assets/Night Mointains Lake/Mountains 3.png
  artifactKey: Guid(9b5f5877465784c53a9efe4fabd5ba92) Importer(815301076,1909f56bfc062723c751e8b465ee728b)
Start importing Assets/Night Mointains Lake/Mountains 3.png using Guid(9b5f5877465784c53a9efe4fabd5ba92) Importer(815301076,1909f56bfc062723c751e8b465ee728b)  -> (artifact id: '4467aa5cde938182f8722be2d81c331a') in 0.015909 seconds 
  Import took 0.019017 seconds .

========================================================================
Received Import Request.
  Time since last request: 0.000220 seconds.
  path: Assets/Night Mointains Lake/BackMountans.png
  artifactKey: Guid(7af9025362f79498fa2c2e74d329ec59) Importer(815301076,1909f56bfc062723c751e8b465ee728b)
Start importing Assets/Night Mointains Lake/BackMountans.png using Guid(7af9025362f79498fa2c2e74d329ec59) Importer(815301076,1909f56bfc062723c751e8b465ee728b)  -> (artifact id: '410b54f6f87dbae6a2bb788c9c7e059e') in 0.016763 seconds 
  Import took 0.020107 seconds .

========================================================================
Received Import Request.
  Time since last request: 0.000225 seconds.
  path: Assets/Night Mointains Lake/NML.png
  artifactKey: Guid(d26f4f125235142d4af2761d3fa66dbb) Importer(815301076,1909f56bfc062723c751e8b465ee728b)
Start importing Assets/Night Mointains Lake/NML.png using Guid(d26f4f125235142d4af2761d3fa66dbb) Importer(815301076,1909f56bfc062723c751e8b465ee728b)  -> (artifact id: 'f171d2ba886b0e93e98fa20e99b28a49') in 0.012580 seconds 
  Import took 0.015748 seconds .

========================================================================
Received Import Request.
  Time since last request: 0.000277 seconds.
  path: Assets/Night Mointains Lake/LAke.png
  artifactKey: Guid(1631386a8a47748089f8566dddd4ca30) Importer(815301076,1909f56bfc062723c751e8b465ee728b)
Start importing Assets/Night Mointains Lake/LAke.png using Guid(1631386a8a47748089f8566dddd4ca30) Importer(815301076,1909f56bfc062723c751e8b465ee728b)  -> (artifact id: 'a8649e749c907d5831485864994f11e5') in 0.013765 seconds 
  Import took 0.017647 seconds .

========================================================================
Received Import Request.
  Time since last request: 0.000249 seconds.
  path: Assets/Night Mointains Lake/MoonBot.png
  artifactKey: Guid(3fe87e399b4d282429b13f6e71034994) Importer(815301076,1909f56bfc062723c751e8b465ee728b)
Start importing Assets/Night Mointains Lake/MoonBot.png using Guid(3fe87e399b4d282429b13f6e71034994) Importer(815301076,1909f56bfc062723c751e8b465ee728b)  -> (artifact id: '754271109963664498c2af98ed77967d') in 0.016413 seconds 
  Import took 0.019565 seconds .

========================================================================
Received Import Request.
  Time since last request: 12.452712 seconds.
  path: Assets/Night Mointains Lake/BackMountains.png
  artifactKey: Guid(7af9025362f79498fa2c2e74d329ec59) Importer(815301076,1909f56bfc062723c751e8b465ee728b)
Start importing Assets/Night Mointains Lake/BackMountains.png using Guid(7af9025362f79498fa2c2e74d329ec59) Importer(815301076,1909f56bfc062723c751e8b465ee728b)  -> (artifact id: 'e72a2d3c26bbdbb782b711eb3347510b') in 0.076933 seconds 
  Import took 0.080169 seconds .

========================================================================
Received Import Request.
  Time since last request: 12.621968 seconds.
  path: Assets/Night Mountains Lake
  artifactKey: Guid(f4c74bf96c9b63048a48b60601b8f196) Importer(815301076,1909f56bfc062723c751e8b465ee728b)
Start importing Assets/Night Mountains Lake using Guid(f4c74bf96c9b63048a48b60601b8f196) Importer(815301076,1909f56bfc062723c751e8b465ee728b)  -> (artifact id: 'bf336686628ab9c24f612e52d8619a3d') in 0.005434 seconds 
  Import took 0.009829 seconds .

AssetImportWorkerClient::OnTransportError - code=2 error=End of file
